<?xml version="1.0" encoding="UTF-8"?>
<testsuite name="SetAdd" tests="1" skipped="0" failures="0" errors="0" timestamp="2021-01-04T14:28:00" hostname="shinmugon-ui-MacBookPro.local" time="0.028">
  <properties/>
  <testcase name="addHashSet()" classname="SetAdd" time="0.028"/>
  <system-out><![CDATA[]]></system-out>
  <system-err><![CDATA[]]></system-err>
</testsuite>
