<?xml version="1.0" encoding="UTF-8"?>
<testsuite name="Test" tests="1" skipped="0" failures="0" errors="0" timestamp="2021-01-04T14:14:53" hostname="shinmugon-ui-MacBookPro.local" time="0.016">
  <properties/>
  <testcase name="test()" classname="Test" time="0.016"/>
  <system-out><![CDATA[]]></system-out>
  <system-err><![CDATA[]]></system-err>
</testsuite>
